# JRE version: Java(TM) SE Runtime Environment 18.9 (11.0.13+10) (build 11.0.13+10-LTS-370)
# Java VM: Java HotSpot(TM) 64-Bit Server VM 18.9 (11.0.13+10-LTS-370, mixed mode, tiered, compressed oops, parallel gc, windows-amd64)
Heap:
 PSYoungGen      total 3072K, used 2688K [0x00000000eab00000, 0x00000000eaf00000, 0x0000000100000000)
  eden space 2048K, 100% used [0x00000000eab00000,0x00000000ead00000,0x00000000ead00000)
  from space 1024K, 62% used [0x00000000ead80000,0x00000000eae20000,0x00000000eae80000)
  to   space 512K, 0% used [0x00000000eae80000,0x00000000eae80000,0x00000000eaf00000)
 ParOldGen       total 132096K, used 114402K [0x00000000c0000000, 0x00000000c8100000, 0x00000000eab00000)
  object space 132096K, 86% used [0x00000000c0000000,0x00000000c6fb8ba0,0x00000000c8100000)
 Metaspace       used 74321K, capacity 77713K, committed 78208K, reserved 1118208K
  class space    used 7099K, capacity 8365K, committed 8576K, reserved 1048576K
GC Heap History (10 events):
Event: 14627.980 GC heap before
{Heap before GC invocations=291 (full 12):
 PSYoungGen      total 2048K, used 1632K [0x00000000eab00000, 0x00000000eb100000, 0x0000000100000000)
  eden space 1024K, 100% used [0x00000000eab00000,0x00000000eac00000,0x00000000eac00000)
  from space 1024K, 59% used [0x00000000eb000000,0x00000000eb098000,0x00000000eb100000)
  to   space 2048K, 0% used [0x00000000ead00000,0x00000000ead00000,0x00000000eaf00000)
 ParOldGen       total 132096K, used 109638K [0x00000000c0000000, 0x00000000c8100000, 0x00000000eab00000)
  object space 132096K, 82% used [0x00000000c0000000,0x00000000c6b119a0,0x00000000c8100000)
 Metaspace       used 74319K, capacity 77713K, committed 78208K, reserved 1118208K
  class space    used 7099K, capacity 8365K, committed 8576K, reserved 1048576K
}
Event: 14627.982 GC heap after
{Heap after GC invocations=291 (full 12):
 PSYoungGen      total 3584K, used 1120K [0x00000000eab00000, 0x00000000eb080000, 0x0000000100000000)
  eden space 1536K, 0% used [0x00000000eab00000,0x00000000eab00000,0x00000000eac80000)
  from space 2048K, 54% used [0x00000000ead00000,0x00000000eae18000,0x00000000eaf00000)
  to   space 1536K, 0% used [0x00000000eaf00000,0x00000000eaf00000,0x00000000eb080000)
 ParOldGen       total 132096K, used 110142K [0x00000000c0000000, 0x00000000c8100000, 0x00000000eab00000)
  object space 132096K, 83% used [0x00000000c0000000,0x00000000c6b8f9a0,0x00000000c8100000)
 Metaspace       used 74319K, capacity 77713K, committed 78208K, reserved 1118208K
  class space    used 7099K, capacity 8365K, committed 8576K, reserved 1048576K
}
Event: 14627.984 GC heap before
{Heap before GC invocations=292 (full 12):
 PSYoungGen      total 3584K, used 2656K [0x00000000eab00000, 0x00000000eb080000, 0x0000000100000000)
  eden space 1536K, 100% used [0x00000000eab00000,0x00000000eac80000,0x00000000eac80000)
  from space 2048K, 54% used [0x00000000ead00000,0x00000000eae18000,0x00000000eaf00000)
  to   space 1536K, 0% used [0x00000000eaf00000,0x00000000eaf00000,0x00000000eb080000)
 ParOldGen       total 132096K, used 110142K [0x00000000c0000000, 0x00000000c8100000, 0x00000000eab00000)
  object space 132096K, 83% used [0x00000000c0000000,0x00000000c6b8f9a0,0x00000000c8100000)
 Metaspace       used 74319K, capacity 77713K, committed 78208K, reserved 1118208K
  class space    used 7099K, capacity 8365K, committed 8576K, reserved 1048576K
}
Event: 14627.987 GC heap after
{Heap after GC invocations=292 (full 12):
 PSYoungGen      total 2560K, used 1536K [0x00000000eab00000, 0x00000000eb300000, 0x0000000100000000)
  eden space 1024K, 0% used [0x00000000eab00000,0x00000000eab00000,0x00000000eac00000)
  from space 1536K, 100% used [0x00000000eaf00000,0x00000000eb080000,0x00000000eb080000)
  to   space 3072K, 0% used [0x00000000eac00000,0x00000000eac00000,0x00000000eaf00000)
 ParOldGen       total 132096K, used 111166K [0x00000000c0000000, 0x00000000c8100000, 0x00000000eab00000)
  object space 132096K, 84% used [0x00000000c0000000,0x00000000c6c8f9a0,0x00000000c8100000)
 Metaspace       used 74319K, capacity 77713K, committed 78208K, reserved 1118208K
  class space    used 7099K, capacity 8365K, committed 8576K, reserved 1048576K
}
Event: 14627.989 GC heap before
{Heap before GC invocations=293 (full 12):
 PSYoungGen      total 2560K, used 2560K [0x00000000eab00000, 0x00000000eb300000, 0x0000000100000000)
  eden space 1024K, 100% used [0x00000000eab00000,0x00000000eac00000,0x00000000eac00000)
  from space 1536K, 100% used [0x00000000eaf00000,0x00000000eb080000,0x00000000eb080000)
  to   space 3072K, 0% used [0x00000000eac00000,0x00000000eac00000,0x00000000eaf00000)
 ParOldGen       total 132096K, used 111166K [0x00000000c0000000, 0x00000000c8100000, 0x00000000eab00000)
  object space 132096K, 84% used [0x00000000c0000000,0x00000000c6c8f9a0,0x00000000c8100000)
 Metaspace       used 74319K, capacity 77713K, committed 78208K, reserved 1118208K
  class space    used 7099K, capacity 8365K, committed 8576K, reserved 1048576K
}
Event: 14627.992 GC heap after
{Heap after GC invocations=293 (full 12):
 PSYoungGen      total 2560K, used 1088K [0x00000000eab00000, 0x00000000eb080000, 0x0000000100000000)
  eden space 1024K, 0% used [0x00000000eab00000,0x00000000eab00000,0x00000000eac00000)
  from space 1536K, 70% used [0x00000000eac00000,0x00000000ead10000,0x00000000ead80000)
  to   space 2048K, 0% used [0x00000000eae80000,0x00000000eae80000,0x00000000eb080000)
 ParOldGen       total 132096K, used 112702K [0x00000000c0000000, 0x00000000c8100000, 0x00000000eab00000)
  object space 132096K, 85% used [0x00000000c0000000,0x00000000c6e0f9a0,0x00000000c8100000)
 Metaspace       used 74319K, capacity 77713K, committed 78208K, reserved 1118208K
  class space    used 7099K, capacity 8365K, committed 8576K, reserved 1048576K
}
Event: 14627.994 GC heap before
{Heap before GC invocations=294 (full 12):
 PSYoungGen      total 2560K, used 2101K [0x00000000eab00000, 0x00000000eb080000, 0x0000000100000000)
  eden space 1024K, 99% used [0x00000000eab00000,0x00000000eabfd728,0x00000000eac00000)
  from space 1536K, 70% used [0x00000000eac00000,0x00000000ead10000,0x00000000ead80000)
  to   space 2048K, 0% used [0x00000000eae80000,0x00000000eae80000,0x00000000eb080000)
 ParOldGen       total 132096K, used 112702K [0x00000000c0000000, 0x00000000c8100000, 0x00000000eab00000)
  object space 132096K, 85% used [0x00000000c0000000,0x00000000c6e0f9a0,0x00000000c8100000)
 Metaspace       used 74319K, capacity 77713K, committed 78208K, reserved 1118208K
  class space    used 7099K, capacity 8365K, committed 8576K, reserved 1048576K
}
Event: 14627.996 GC heap after
{Heap after GC invocations=294 (full 12):
 PSYoungGen      total 2560K, used 794K [0x00000000eab00000, 0x00000000eaf80000, 0x0000000100000000)
  eden space 1536K, 0% used [0x00000000eab00000,0x00000000eab00000,0x00000000eac80000)
  from space 1024K, 77% used [0x00000000eae80000,0x00000000eaf46900,0x00000000eaf80000)
  to   space 1024K, 0% used [0x00000000ead80000,0x00000000ead80000,0x00000000eae80000)
 ParOldGen       total 132096K, used 113726K [0x00000000c0000000, 0x00000000c8100000, 0x00000000eab00000)
  object space 132096K, 86% used [0x00000000c0000000,0x00000000c6f0f9a0,0x00000000c8100000)
 Metaspace       used 74319K, capacity 77713K, committed 78208K, reserved 1118208K
  class space    used 7099K, capacity 8365K, committed 8576K, reserved 1048576K
}
Event: 14628.002 GC heap before
{Heap before GC invocations=295 (full 12):
 PSYoungGen      total 2560K, used 2330K [0x00000000eab00000, 0x00000000eaf80000, 0x0000000100000000)
  eden space 1536K, 100% used [0x00000000eab00000,0x00000000eac80000,0x00000000eac80000)
  from space 1024K, 77% used [0x00000000eae80000,0x00000000eaf46900,0x00000000eaf80000)
  to   space 1024K, 0% used [0x00000000ead80000,0x00000000ead80000,0x00000000eae80000)
 ParOldGen       total 132096K, used 113726K [0x00000000c0000000, 0x00000000c8100000, 0x00000000eab00000)
  object space 132096K, 86% used [0x00000000c0000000,0x00000000c6f0f9a0,0x00000000c8100000)
 Metaspace       used 74320K, capacity 77713K, committed 78208K, reserved 1118208K
  class space    used 7099K, capacity 8365K, committed 8576K, reserved 1048576K
}
Event: 14628.004 GC heap after
{Heap after GC invocations=295 (full 12):
 PSYoungGen      total 3072K, used 640K [0x00000000eab00000, 0x00000000eaf00000, 0x0000000100000000)
  eden space 2048K, 0% used [0x00000000eab00000,0x00000000eab00000,0x00000000ead00000)
  from space 1024K, 62% used [0x00000000ead80000,0x00000000eae20000,0x00000000eae80000)
  to   space 512K, 0% used [0x00000000eae80000,0x00000000eae80000,0x00000000eaf00000)
 ParOldGen       total 132096K, used 114402K [0x00000000c0000000, 0x00000000c8100000, 0x00000000eab00000)
  object space 132096K, 86% used [0x00000000c0000000,0x00000000c6fb8ba0,0x00000000c8100000)
 Metaspace       used 74320K, capacity 77713K, committed 78208K, reserved 1118208K
  class space    used 7099K, capacity 8365K, committed 8576K, reserved 1048576K
}

