# JRE version: Java(TM) SE Runtime Environment 18.9 (11.0.13+10) (build 11.0.13+10-LTS-370)
# Java VM: Java HotSpot(TM) 64-Bit Server VM 18.9 (11.0.13+10-LTS-370, mixed mode, tiered, compressed oops, parallel gc, windows-amd64)
Heap:
 PSYoungGen      total 5120K, used 2560K [0x00000000eab00000, 0x00000000eb380000, 0x0000000100000000)
  eden space 2560K, 0% used [0x00000000eab00000,0x00000000eab00000,0x00000000ead80000)
  from space 2560K, 100% used [0x00000000ead80000,0x00000000eb000000,0x00000000eb000000)
  to   space 3072K, 0% used [0x00000000eb080000,0x00000000eb080000,0x00000000eb380000)
 ParOldGen       total 219136K, used 218619K [0x00000000c0000000, 0x00000000cd600000, 0x00000000eab00000)
  object space 219136K, 99% used [0x00000000c0000000,0x00000000cd57ed40,0x00000000cd600000)
 Metaspace       used 78291K, capacity 81971K, committed 82176K, reserved 1122304K
  class space    used 7345K, capacity 8593K, committed 8704K, reserved 1048576K
GC Heap History (10 events):
Event: 13294.744 GC heap after
{Heap after GC invocations=1577 (full 30):
 PSYoungGen      total 4096K, used 506K [0x00000000eab00000, 0x00000000eb100000, 0x0000000100000000)
  eden space 3584K, 0% used [0x00000000eab00000,0x00000000eab00000,0x00000000eae80000)
  from space 512K, 98% used [0x00000000eb000000,0x00000000eb07e900,0x00000000eb080000)
  to   space 512K, 0% used [0x00000000eb080000,0x00000000eb080000,0x00000000eb100000)
 ParOldGen       total 219136K, used 215206K [0x00000000c0000000, 0x00000000cd600000, 0x00000000eab00000)
  object space 219136K, 98% used [0x00000000c0000000,0x00000000cd229a60,0x00000000cd600000)
 Metaspace       used 78284K, capacity 81907K, committed 82176K, reserved 1122304K
  class space    used 7345K, capacity 8593K, committed 8704K, reserved 1048576K
}
Event: 13294.860 GC heap before
{Heap before GC invocations=1578 (full 30):
 PSYoungGen      total 4096K, used 4090K [0x00000000eab00000, 0x00000000eb100000, 0x0000000100000000)
  eden space 3584K, 100% used [0x00000000eab00000,0x00000000eae80000,0x00000000eae80000)
  from space 512K, 98% used [0x00000000eb000000,0x00000000eb07e900,0x00000000eb080000)
  to   space 512K, 0% used [0x00000000eb080000,0x00000000eb080000,0x00000000eb100000)
 ParOldGen       total 219136K, used 215206K [0x00000000c0000000, 0x00000000cd600000, 0x00000000eab00000)
  object space 219136K, 98% used [0x00000000c0000000,0x00000000cd229a60,0x00000000cd600000)
 Metaspace       used 78285K, capacity 81907K, committed 82176K, reserved 1122304K
  class space    used 7345K, capacity 8593K, committed 8704K, reserved 1048576K
}
Event: 13294.864 GC heap after
{Heap after GC invocations=1578 (full 30):
 PSYoungGen      total 4096K, used 506K [0x00000000eab00000, 0x00000000eb280000, 0x0000000100000000)
  eden space 3584K, 0% used [0x00000000eab00000,0x00000000eab00000,0x00000000eae80000)
  from space 512K, 98% used [0x00000000eb080000,0x00000000eb0fe900,0x00000000eb100000)
  to   space 2048K, 0% used [0x00000000eae80000,0x00000000eae80000,0x00000000eb080000)
 ParOldGen       total 219136K, used 216328K [0x00000000c0000000, 0x00000000cd600000, 0x00000000eab00000)
  object space 219136K, 98% used [0x00000000c0000000,0x00000000cd342330,0x00000000cd600000)
 Metaspace       used 78285K, capacity 81907K, committed 82176K, reserved 1122304K
  class space    used 7345K, capacity 8593K, committed 8704K, reserved 1048576K
}
Event: 13567.678 GC heap before
{Heap before GC invocations=1579 (full 30):
 PSYoungGen      total 4096K, used 4090K [0x00000000eab00000, 0x00000000eb280000, 0x0000000100000000)
  eden space 3584K, 100% used [0x00000000eab00000,0x00000000eae80000,0x00000000eae80000)
  from space 512K, 98% used [0x00000000eb080000,0x00000000eb0fe900,0x00000000eb100000)
  to   space 2048K, 0% used [0x00000000eae80000,0x00000000eae80000,0x00000000eb080000)
 ParOldGen       total 219136K, used 216328K [0x00000000c0000000, 0x00000000cd600000, 0x00000000eab00000)
  object space 219136K, 98% used [0x00000000c0000000,0x00000000cd342330,0x00000000cd600000)
 Metaspace       used 78287K, capacity 81907K, committed 82176K, reserved 1122304K
  class space    used 7345K, capacity 8593K, committed 8704K, reserved 1048576K
}
Event: 13567.687 GC heap after
{Heap after GC invocations=1579 (full 30):
 PSYoungGen      total 4096K, used 274K [0x00000000eab00000, 0x00000000eb100000, 0x0000000100000000)
  eden space 3584K, 0% used [0x00000000eab00000,0x00000000eab00000,0x00000000eae80000)
  from space 512K, 53% used [0x00000000eae80000,0x00000000eaec48d0,0x00000000eaf00000)
  to   space 1024K, 0% used [0x00000000eb000000,0x00000000eb000000,0x00000000eb100000)
 ParOldGen       total 219136K, used 216837K [0x00000000c0000000, 0x00000000cd600000, 0x00000000eab00000)
  object space 219136K, 98% used [0x00000000c0000000,0x00000000cd3c1530,0x00000000cd600000)
 Metaspace       used 78287K, capacity 81907K, committed 82176K, reserved 1122304K
  class space    used 7345K, capacity 8593K, committed 8704K, reserved 1048576K
}
Event: 14099.282 GC heap before
{Heap before GC invocations=1580 (full 30):
 PSYoungGen      total 4096K, used 3858K [0x00000000eab00000, 0x00000000eb100000, 0x0000000100000000)
  eden space 3584K, 100% used [0x00000000eab00000,0x00000000eae80000,0x00000000eae80000)
  from space 512K, 53% used [0x00000000eae80000,0x00000000eaec48d0,0x00000000eaf00000)
  to   space 1024K, 0% used [0x00000000eb000000,0x00000000eb000000,0x00000000eb100000)
 ParOldGen       total 219136K, used 216837K [0x00000000c0000000, 0x00000000cd600000, 0x00000000eab00000)
  object space 219136K, 98% used [0x00000000c0000000,0x00000000cd3c1530,0x00000000cd600000)
 Metaspace       used 78291K, capacity 81971K, committed 82176K, reserved 1122304K
  class space    used 7345K, capacity 8593K, committed 8704K, reserved 1048576K
}
Event: 14099.290 GC heap after
{Heap after GC invocations=1580 (full 30):
 PSYoungGen      total 3584K, used 1001K [0x00000000eab00000, 0x00000000eb380000, 0x0000000100000000)
  eden space 2560K, 0% used [0x00000000eab00000,0x00000000eab00000,0x00000000ead80000)
  from space 1024K, 97% used [0x00000000eb000000,0x00000000eb0fa640,0x00000000eb100000)
  to   space 2560K, 0% used [0x00000000ead80000,0x00000000ead80000,0x00000000eb000000)
 ParOldGen       total 219136K, used 217613K [0x00000000c0000000, 0x00000000cd600000, 0x00000000eab00000)
  object space 219136K, 99% used [0x00000000c0000000,0x00000000cd483530,0x00000000cd600000)
 Metaspace       used 78291K, capacity 81971K, committed 82176K, reserved 1122304K
  class space    used 7345K, capacity 8593K, committed 8704K, reserved 1048576K
}
Event: 14099.298 GC heap before
{Heap before GC invocations=1581 (full 30):
 PSYoungGen      total 3584K, used 3561K [0x00000000eab00000, 0x00000000eb380000, 0x0000000100000000)
  eden space 2560K, 100% used [0x00000000eab00000,0x00000000ead80000,0x00000000ead80000)
  from space 1024K, 97% used [0x00000000eb000000,0x00000000eb0fa640,0x00000000eb100000)
  to   space 2560K, 0% used [0x00000000ead80000,0x00000000ead80000,0x00000000eb000000)
 ParOldGen       total 219136K, used 217613K [0x00000000c0000000, 0x00000000cd600000, 0x00000000eab00000)
  object space 219136K, 99% used [0x00000000c0000000,0x00000000cd483530,0x00000000cd600000)
 Metaspace       used 78291K, capacity 81971K, committed 82176K, reserved 1122304K
  class space    used 7345K, capacity 8593K, committed 8704K, reserved 1048576K
}
Event: 14099.302 GC heap after
{Heap after GC invocations=1581 (full 30):
 PSYoungGen      total 5120K, used 2560K [0x00000000eab00000, 0x00000000eb380000, 0x0000000100000000)
  eden space 2560K, 0% used [0x00000000eab00000,0x00000000eab00000,0x00000000ead80000)
  from space 2560K, 100% used [0x00000000ead80000,0x00000000eb000000,0x00000000eb000000)
  to   space 3072K, 0% used [0x00000000eb080000,0x00000000eb080000,0x00000000eb380000)
 ParOldGen       total 219136K, used 218619K [0x00000000c0000000, 0x00000000cd600000, 0x00000000eab00000)
  object space 219136K, 99% used [0x00000000c0000000,0x00000000cd57ed40,0x00000000cd600000)
 Metaspace       used 78291K, capacity 81971K, committed 82176K, reserved 1122304K
  class space    used 7345K, capacity 8593K, committed 8704K, reserved 1048576K
}
Event: 14099.302 GC heap before
{Heap before GC invocations=1582 (full 31):
 PSYoungGen      total 5120K, used 2560K [0x00000000eab00000, 0x00000000eb380000, 0x0000000100000000)
  eden space 2560K, 0% used [0x00000000eab00000,0x00000000eab00000,0x00000000ead80000)
  from space 2560K, 100% used [0x00000000ead80000,0x00000000eb000000,0x00000000eb000000)
  to   space 3072K, 0% used [0x00000000eb080000,0x00000000eb080000,0x00000000eb380000)
 ParOldGen       total 219136K, used 218619K [0x00000000c0000000, 0x00000000cd600000, 0x00000000eab00000)
  object space 219136K, 99% used [0x00000000c0000000,0x00000000cd57ed40,0x00000000cd600000)
 Metaspace       used 78291K, capacity 81971K, committed 82176K, reserved 1122304K
  class space    used 7345K, capacity 8593K, committed 8704K, reserved 1048576K
}

