# JRE version: Java(TM) SE Runtime Environment 18.9 (11.0.13+10) (build 11.0.13+10-LTS-370)
# Java VM: Java HotSpot(TM) 64-Bit Server VM 18.9 (11.0.13+10-LTS-370, mixed mode, tiered, compressed oops, parallel gc, windows-amd64)
Heap:
 PSYoungGen      total 4096K, used 1158K [0x00000000eab00000, 0x00000000eb100000, 0x0000000100000000)
  eden space 3584K, 18% used [0x00000000eab00000,0x00000000eaba3170,0x00000000eae80000)
  from space 512K, 98% used [0x00000000eb080000,0x00000000eb0fe900,0x00000000eb100000)
  to   space 1024K, 0% used [0x00000000eaf00000,0x00000000eaf00000,0x00000000eb000000)
 ParOldGen       total 91648K, used 63275K [0x00000000c0000000, 0x00000000c5980000, 0x00000000eab00000)
  object space 91648K, 69% used [0x00000000c0000000,0x00000000c3dcadd0,0x00000000c5980000)
 Metaspace       used 74027K, capacity 77091K, committed 77460K, reserved 1118208K
  class space    used 6849K, capacity 8021K, committed 8192K, reserved 1048576K
GC Heap History (10 events):
Event: 4033.049 GC heap before
{Heap before GC invocations=1035 (full 37):
 PSYoungGen      total 4608K, used 4590K [0x00000000eab00000, 0x00000000eb180000, 0x0000000100000000)
  eden space 3584K, 100% used [0x00000000eab00000,0x00000000eae80000,0x00000000eae80000)
  from space 1024K, 98% used [0x00000000eb000000,0x00000000eb0fbb20,0x00000000eb100000)
  to   space 512K, 0% used [0x00000000eb100000,0x00000000eb100000,0x00000000eb180000)
 ParOldGen       total 91648K, used 61366K [0x00000000c0000000, 0x00000000c5980000, 0x00000000eab00000)
  object space 91648K, 66% used [0x00000000c0000000,0x00000000c3bed8b0,0x00000000c5980000)
 Metaspace       used 73992K, capacity 77091K, committed 77460K, reserved 1118208K
  class space    used 6848K, capacity 8021K, committed 8192K, reserved 1048576K
}
Event: 4033.051 GC heap after
{Heap after GC invocations=1035 (full 37):
 PSYoungGen      total 4096K, used 502K [0x00000000eab00000, 0x00000000eb280000, 0x0000000100000000)
  eden space 3584K, 0% used [0x00000000eab00000,0x00000000eab00000,0x00000000eae80000)
  from space 512K, 98% used [0x00000000eb100000,0x00000000eb17d9c8,0x00000000eb180000)
  to   space 2048K, 0% used [0x00000000eae80000,0x00000000eae80000,0x00000000eb080000)
 ParOldGen       total 91648K, used 62410K [0x00000000c0000000, 0x00000000c5980000, 0x00000000eab00000)
  object space 91648K, 68% used [0x00000000c0000000,0x00000000c3cf2ad0,0x00000000c5980000)
 Metaspace       used 73992K, capacity 77091K, committed 77460K, reserved 1118208K
  class space    used 6848K, capacity 8021K, committed 8192K, reserved 1048576K
}
Event: 4033.079 GC heap before
{Heap before GC invocations=1036 (full 37):
 PSYoungGen      total 4096K, used 4086K [0x00000000eab00000, 0x00000000eb280000, 0x0000000100000000)
  eden space 3584K, 100% used [0x00000000eab00000,0x00000000eae80000,0x00000000eae80000)
  from space 512K, 98% used [0x00000000eb100000,0x00000000eb17d9c8,0x00000000eb180000)
  to   space 2048K, 0% used [0x00000000eae80000,0x00000000eae80000,0x00000000eb080000)
 ParOldGen       total 91648K, used 62410K [0x00000000c0000000, 0x00000000c5980000, 0x00000000eab00000)
  object space 91648K, 68% used [0x00000000c0000000,0x00000000c3cf2ad0,0x00000000c5980000)
 Metaspace       used 73993K, capacity 77091K, committed 77460K, reserved 1118208K
  class space    used 6848K, capacity 8021K, committed 8192K, reserved 1048576K
}
Event: 4033.083 GC heap after
{Heap after GC invocations=1036 (full 37):
 PSYoungGen      total 5632K, used 1604K [0x00000000eab00000, 0x00000000eb280000, 0x0000000100000000)
  eden space 3584K, 0% used [0x00000000eab00000,0x00000000eab00000,0x00000000eae80000)
  from space 2048K, 78% used [0x00000000eae80000,0x00000000eb011210,0x00000000eb080000)
  to   space 2048K, 0% used [0x00000000eb080000,0x00000000eb080000,0x00000000eb280000)
 ParOldGen       total 91648K, used 62921K [0x00000000c0000000, 0x00000000c5980000, 0x00000000eab00000)
  object space 91648K, 68% used [0x00000000c0000000,0x00000000c3d724a8,0x00000000c5980000)
 Metaspace       used 73993K, capacity 77091K, committed 77460K, reserved 1118208K
  class space    used 6848K, capacity 8021K, committed 8192K, reserved 1048576K
}
Event: 4036.833 GC heap before
{Heap before GC invocations=1037 (full 37):
 PSYoungGen      total 5632K, used 5188K [0x00000000eab00000, 0x00000000eb280000, 0x0000000100000000)
  eden space 3584K, 100% used [0x00000000eab00000,0x00000000eae80000,0x00000000eae80000)
  from space 2048K, 78% used [0x00000000eae80000,0x00000000eb011210,0x00000000eb080000)
  to   space 2048K, 0% used [0x00000000eb080000,0x00000000eb080000,0x00000000eb280000)
 ParOldGen       total 91648K, used 62921K [0x00000000c0000000, 0x00000000c5980000, 0x00000000eab00000)
  object space 91648K, 68% used [0x00000000c0000000,0x00000000c3d724a8,0x00000000c5980000)
 Metaspace       used 74014K, capacity 77091K, committed 77460K, reserved 1118208K
  class space    used 6848K, capacity 8021K, committed 8192K, reserved 1048576K
}
Event: 4036.836 GC heap after
{Heap after GC invocations=1037 (full 37):
 PSYoungGen      total 4096K, used 224K [0x00000000eab00000, 0x00000000eb100000, 0x0000000100000000)
  eden space 3584K, 0% used [0x00000000eab00000,0x00000000eab00000,0x00000000eae80000)
  from space 512K, 43% used [0x00000000eb080000,0x00000000eb0b8000,0x00000000eb100000)
  to   space 1024K, 0% used [0x00000000eaf00000,0x00000000eaf00000,0x00000000eb000000)
 ParOldGen       total 91648K, used 63090K [0x00000000c0000000, 0x00000000c5980000, 0x00000000eab00000)
  object space 91648K, 68% used [0x00000000c0000000,0x00000000c3d9cb18,0x00000000c5980000)
 Metaspace       used 74014K, capacity 77091K, committed 77460K, reserved 1118208K
  class space    used 6848K, capacity 8021K, committed 8192K, reserved 1048576K
}
Event: 4037.281 GC heap before
{Heap before GC invocations=1038 (full 37):
 PSYoungGen      total 4096K, used 3802K [0x00000000eab00000, 0x00000000eb100000, 0x0000000100000000)
  eden space 3584K, 99% used [0x00000000eab00000,0x00000000eae7ea30,0x00000000eae80000)
  from space 512K, 43% used [0x00000000eb080000,0x00000000eb0b8000,0x00000000eb100000)
  to   space 1024K, 0% used [0x00000000eaf00000,0x00000000eaf00000,0x00000000eb000000)
 ParOldGen       total 91648K, used 63090K [0x00000000c0000000, 0x00000000c5980000, 0x00000000eab00000)
  object space 91648K, 68% used [0x00000000c0000000,0x00000000c3d9cb18,0x00000000c5980000)
 Metaspace       used 74020K, capacity 77091K, committed 77460K, reserved 1118208K
  class space    used 6848K, capacity 8021K, committed 8192K, reserved 1048576K
}
Event: 4037.282 GC heap after
{Heap after GC invocations=1038 (full 37):
 PSYoungGen      total 4608K, used 256K [0x00000000eab00000, 0x00000000eb100000, 0x0000000100000000)
  eden space 3584K, 0% used [0x00000000eab00000,0x00000000eab00000,0x00000000eae80000)
  from space 1024K, 25% used [0x00000000eaf00000,0x00000000eaf40000,0x00000000eb000000)
  to   space 512K, 0% used [0x00000000eb080000,0x00000000eb080000,0x00000000eb100000)
 ParOldGen       total 91648K, used 63146K [0x00000000c0000000, 0x00000000c5980000, 0x00000000eab00000)
  object space 91648K, 68% used [0x00000000c0000000,0x00000000c3daab18,0x00000000c5980000)
 Metaspace       used 74020K, capacity 77091K, committed 77460K, reserved 1118208K
  class space    used 6848K, capacity 8021K, committed 8192K, reserved 1048576K
}
Event: 4039.498 GC heap before
{Heap before GC invocations=1039 (full 37):
 PSYoungGen      total 4608K, used 3840K [0x00000000eab00000, 0x00000000eb100000, 0x0000000100000000)
  eden space 3584K, 100% used [0x00000000eab00000,0x00000000eae80000,0x00000000eae80000)
  from space 1024K, 25% used [0x00000000eaf00000,0x00000000eaf40000,0x00000000eb000000)
  to   space 512K, 0% used [0x00000000eb080000,0x00000000eb080000,0x00000000eb100000)
 ParOldGen       total 91648K, used 63146K [0x00000000c0000000, 0x00000000c5980000, 0x00000000eab00000)
  object space 91648K, 68% used [0x00000000c0000000,0x00000000c3daab18,0x00000000c5980000)
 Metaspace       used 74021K, capacity 77091K, committed 77460K, reserved 1118208K
  class space    used 6848K, capacity 8021K, committed 8192K, reserved 1048576K
}
Event: 4039.500 GC heap after
{Heap after GC invocations=1039 (full 37):
 PSYoungGen      total 4096K, used 506K [0x00000000eab00000, 0x00000000eb100000, 0x0000000100000000)
  eden space 3584K, 0% used [0x00000000eab00000,0x00000000eab00000,0x00000000eae80000)
  from space 512K, 98% used [0x00000000eb080000,0x00000000eb0fe900,0x00000000eb100000)
  to   space 1024K, 0% used [0x00000000eaf00000,0x00000000eaf00000,0x00000000eb000000)
 ParOldGen       total 91648K, used 63275K [0x00000000c0000000, 0x00000000c5980000, 0x00000000eab00000)
  object space 91648K, 69% used [0x00000000c0000000,0x00000000c3dcadd0,0x00000000c5980000)
 Metaspace       used 74021K, capacity 77091K, committed 77460K, reserved 1118208K
  class space    used 6848K, capacity 8021K, committed 8192K, reserved 1048576K
}

